Arguments: 
  C:\Program Files\nodejs\node.exe C:\Users\Tuyen\AppData\Roaming\npm\node_modules\yarn\bin\yarn.js install --save-dev nodemon

PATH: 
  C:\Users\Tuyen\bin;C:\Program Files\Git\mingw64\bin;C:\Program Files\Git\usr\local\bin;C:\Program Files\Git\usr\bin;C:\Program Files\Git\usr\bin;C:\Program Files\Git\mingw64\bin;C:\Program Files\Git\usr\bin;C:\Users\Tuyen\bin;C:\ProgramData\Oracle\Java\javapath;C:\WINDOWS\system32;C:\WINDOWS;C:\WINDOWS\System32\Wbem;C:\WINDOWS\System32\WindowsPowerShell\v1.0;C:\WINDOWS\System32\OpenSSH;C:\Program Files\Microsoft SQL Server\120\Tools\Binn;C:\Program Files\Microsoft SQL Server\Client SDK\ODBC\110\Tools\Binn;C:\Program Files (x86)\Microsoft SQL Server\120\Tools\Binn;C:\Program Files\Microsoft SQL Server\120\DTS\Binn;C:\Program Files (x86)\Microsoft SQL Server\120\Tools\Binn\ManagementStudio;C:\Program Files (x86)\Microsoft SQL Server\120\DTS\Binn;C:\Program Files\nodejs;C:\Program Files\Git\cmd;C:\Users\Tuyen\AppData\Local\Microsoft\WindowsApps;C:\Users\Tuyen\AppData\Roaming\npm;C:\Users\Tuyen\AppData\Local\Programs\Microsoft VS Code\bin;C:\Program Files\Git\usr\bin\vendor_perl;C:\Program Files\Git\usr\bin\core_perl

Yarn version: 
  1.22.5

Node version: 
  12.18.3

Platform: 
  win32 x64

Trace: 
  SyntaxError: D:\Base\NodeJs_1\package.json: Unexpected string in JSON at position 342
      at JSON.parse (<anonymous>)
      at C:\Users\Tuyen\AppData\Roaming\npm\node_modules\yarn\lib\cli.js:1625:59
      at Generator.next (<anonymous>)
      at step (C:\Users\Tuyen\AppData\Roaming\npm\node_modules\yarn\lib\cli.js:310:30)
      at C:\Users\Tuyen\AppData\Roaming\npm\node_modules\yarn\lib\cli.js:321:13

npm manifest: 
  {
    "name": "nodejs_1",
    "version": "1.0.0",
    "description": "",
    "main": "index.js",
    "dependencies": {
      "body-parse": "^0.1.0",
      "body-parser": "^1.19.0",
      "express": "^4.17.1",
      "lowdb": "^1.0.0",
      "nodemon": "^2.0.5",
      "pug": "^3.0.0"
    },
    "devDependencies": {},
    "scripts": {
      "start": "nodemon index.js"
      "test": "echo \"Error: no test specified\" && exit 1"
    },
    "repository": {
      "type": "git",
      "url": "git+https://github.com/tuyenvmhe130902/First-Pug.git"
    },
    "author": "",
    "license": "ISC",
    "bugs": {
      "url": "https://github.com/tuyenvmhe130902/First-Pug/issues"
    },
    "homepage": "https://github.com/tuyenvmhe130902/First-Pug#readme"
  }

yarn manifest: 
  No manifest

Lockfile: 
  No lockfile
